<?xml version="1.0" encoding="UTF-8"?>
<!-- Generated by org.testng.reporters.JUnitXMLReporter -->
<testsuite hostname="Aarush" ignored="0" name="Test" tests="1" failures="1" timestamp="18 Mar 2017 09:02:54 GMT" time="10.489" errors="0">
  <testcase name="testAmazon" time="0.012" classname="script.Amazon">
    <failure type="java.lang.NullPointerException">
      <![CDATA[java.lang.NullPointerException
	at pom.SearchPage.enterSearchKeyword(SearchPage.java:16)
	at script.Amazon.testAmazon(Amazon.java:24)
... Removed 25 stack frames]]>
    </failure>
  </testcase> <!-- testAmazon -->
</testsuite> <!-- Test -->
