<?xml version="1.0" encoding="UTF-8"?>
<testng-results skipped="0" failed="0" ignored="0" total="1" passed="1">
  <reporter-output>
  </reporter-output>
  <suite name="Default suite" duration-ms="37434" started-at="2017-03-18T09:35:40Z" finished-at="2017-03-18T09:36:17Z">
    <groups>
    </groups>
    <test name="Default test" duration-ms="37434" started-at="2017-03-18T09:35:40Z" finished-at="2017-03-18T09:36:17Z">
      <class name="script.Amazon">
        <test-method status="PASS" signature="preCondition()[pri:0, instance:script.Amazon@d8355a8]" name="preCondition" is-config="true" duration-ms="8755" started-at="2017-03-18T15:05:40Z" finished-at="2017-03-18T15:05:48Z">
          <reporter-output>
          </reporter-output>
        </test-method> <!-- preCondition -->
        <test-method status="PASS" signature="testAmazon()[pri:0, instance:script.Amazon@d8355a8]" name="testAmazon" duration-ms="27643" started-at="2017-03-18T15:05:48Z" finished-at="2017-03-18T15:06:16Z">
          <reporter-output>
          </reporter-output>
        </test-method> <!-- testAmazon -->
        <test-method status="PASS" signature="postCondition()[pri:0, instance:script.Amazon@d8355a8]" name="postCondition" is-config="true" duration-ms="1012" started-at="2017-03-18T15:06:16Z" finished-at="2017-03-18T15:06:17Z">
          <reporter-output>
          </reporter-output>
        </test-method> <!-- postCondition -->
      </class> <!-- script.Amazon -->
    </test> <!-- Default test -->
  </suite> <!-- Default suite -->
</testng-results>
